\BOOKMARK [1][-]{section.1}{\376\377\137\025\212\000}{}% 1
\BOOKMARK [1][-]{section.2}{\376\377\000G\000a\000r\000d\000e\000n\000e\000r\000\040\000a\000n\000d\000\040\000t\000h\000e\000\040\000A\000r\000r\000a\000y}{}% 2
\BOOKMARK [2][-]{subsection.2.1}{\376\377\230\230\166\356\131\047\141\017}{section.2}% 3
\BOOKMARK [2][-]{subsection.2.2}{\376\377\145\160\143\156\203\003\126\364}{section.2}% 4
\BOOKMARK [2][-]{subsection.2.3}{\376\377\211\343\230\230\217\307\172\013}{section.2}% 5
\BOOKMARK [2][-]{subsection.2.4}{\376\377\123\302\200\003\116\343\170\001}{section.2}% 6
\BOOKMARK [1][-]{section.3}{\376\377\000O\000r\000r\000a\000y}{}% 7
\BOOKMARK [2][-]{subsection.3.1}{\376\377\230\230\166\356\131\047\141\017}{section.3}% 8
\BOOKMARK [2][-]{subsection.3.2}{\376\377\145\160\143\156\203\003\126\364}{section.3}% 9
\BOOKMARK [2][-]{subsection.3.3}{\376\377\211\343\230\230\217\307\172\013}{section.3}% 10
\BOOKMARK [2][-]{subsection.3.4}{\376\377\123\302\200\003\116\343\170\001}{section.3}% 11
\BOOKMARK [1][-]{section.4}{\376\377\000E\000v\000e\000n\000\040\000S\000u\000b\000a\000r\000r\000a\000y\000s}{}% 12
\BOOKMARK [2][-]{subsection.4.1}{\376\377\230\230\166\356\131\047\141\017}{section.4}% 13
\BOOKMARK [2][-]{subsection.4.2}{\376\377\145\160\143\156\203\003\126\364}{section.4}% 14
\BOOKMARK [2][-]{subsection.4.3}{\376\377\211\343\230\230\217\307\172\013}{section.4}% 15
\BOOKMARK [2][-]{subsection.4.4}{\376\377\123\302\200\003\116\343\170\001}{section.4}% 16
\BOOKMARK [1][-]{section.5}{\376\377\000V\000l\000a\000d\000\040\000a\000n\000d\000\040\000a\000\040\000P\000a\000i\000r\000\040\000o\000f\000\040\000N\000u\000m\000b\000e\000r\000s}{}% 17
\BOOKMARK [2][-]{subsection.5.1}{\376\377\230\230\166\356\131\047\141\017}{section.5}% 18
\BOOKMARK [2][-]{subsection.5.2}{\376\377\145\160\143\156\203\003\126\364}{section.5}% 19
\BOOKMARK [2][-]{subsection.5.3}{\376\377\211\343\230\230\217\307\172\013}{section.5}% 20
\BOOKMARK [2][-]{subsection.5.4}{\376\377\123\302\200\003\116\343\170\001}{section.5}% 21
